<?xml version="1.0" encoding="UTF-8"?>
<!-- Generated by org.testng.reporters.JUnitReportReporter -->
<testsuite hostname="Ashok" failures="0" tests="1" name="testRunner.TestRunner" time="19.505" errors="0" timestamp="2023-11-29T17:21:53 IST" skipped="0">
  <testcase classname="testRunner.TestRunner" name="runScenario" time="19.505"/>
  <system-out/>
</testsuite> <!-- testRunner.TestRunner -->
